<?xml version="1.0" encoding="UTF-8"?>
<testsuite name="com.example.taskmodel.util.TaskUtilsTest" tests="5" skipped="0" failures="0" errors="0" timestamp="2026-04-29T12:12:05" hostname="唐" time="0.066">
  <properties/>
  <testcase name="stopRepeat_clearsSeriesRepeatRule" classname="com.example.taskmodel.util.TaskUtilsTest" time="0.05"/>
  <testcase name="closeAllOccurrences_marksSameSeriesCompleted" classname="com.example.taskmodel.util.TaskUtilsTest" time="0.009"/>
  <testcase name="getUrgencyColor_returnsExpectedColor" classname="com.example.taskmodel.util.TaskUtilsTest" time="0.001"/>
  <testcase name="sortTasks_movesCompletedToBottom_andKeepsHigherUrgencyFirst" classname="com.example.taskmodel.util.TaskUtilsTest" time="0.004"/>
  <testcase name="getTimeBlockColor_returnsExpectedColor" classname="com.example.taskmodel.util.TaskUtilsTest" time="0.0"/>
  <system-out><![CDATA[]]></system-out>
  <system-err><![CDATA[]]></system-err>
</testsuite>
